# JRE version: OpenJDK Runtime Environment (11.0.11+9) (build 11.0.11+9-post-Debian-1deb10u1)
# Java VM: OpenJDK Server VM (11.0.11+9-post-Debian-1deb10u1, mixed mode, g1 gc, linux-)
Heap:
 garbage-first heap   total 162816K, used 104689K [0x92c00000, 0xb2000000)
  region size 1024K, 27 young (27648K), 1 survivors (1024K)
 Metaspace       used 38040K, capacity 38934K, committed 39040K, reserved 39216K
GC Heap History (20 events):
Event: 40.394 GC heap before
{Heap before GC invocations=128 (full 0):
 garbage-first heap   total 93184K, used 78757K [0x92c00000, 0xb2000000)
  region size 1024K, 10 young (10240K), 2 survivors (2048K)
 Metaspace       used 35231K, capacity 36126K, committed 36224K, reserved 37168K
}
Event: 40.403 GC heap after
{Heap after GC invocations=129 (full 0):
 garbage-first heap   total 126976K, used 71912K [0x92c00000, 0xb2000000)
  region size 1024K, 2 young (2048K), 2 survivors (2048K)
 Metaspace       used 35231K, capacity 36126K, committed 36224K, reserved 37168K
}
Event: 40.688 GC heap before
{Heap before GC invocations=129 (full 0):
 garbage-first heap   total 126976K, used 100584K [0x92c00000, 0xb2000000)
  region size 1024K, 31 young (31744K), 2 survivors (2048K)
 Metaspace       used 35232K, capacity 36126K, committed 36224K, reserved 37168K
}
Event: 40.696 GC heap after
{Heap after GC invocations=130 (full 0):
 garbage-first heap   total 126976K, used 72603K [0x92c00000, 0xb2000000)
  region size 1024K, 2 young (2048K), 2 survivors (2048K)
 Metaspace       used 35232K, capacity 36126K, committed 36224K, reserved 37168K
}
Event: 40.820 GC heap before
{Heap before GC invocations=130 (full 0):
 garbage-first heap   total 126976K, used 104347K [0x92c00000, 0xb2000000)
  region size 1024K, 34 young (34816K), 2 survivors (2048K)
 Metaspace       used 35233K, capacity 36126K, committed 36224K, reserved 37168K
}
Event: 40.840 GC heap after
{Heap after GC invocations=131 (full 0):
 garbage-first heap   total 126976K, used 73806K [0x92c00000, 0xb2000000)
  region size 1024K, 4 young (4096K), 4 survivors (4096K)
 Metaspace       used 35233K, capacity 36126K, committed 36224K, reserved 37168K
}
Event: 40.947 GC heap before
{Heap before GC invocations=131 (full 0):
 garbage-first heap   total 126976K, used 104526K [0x92c00000, 0xb2000000)
  region size 1024K, 35 young (35840K), 4 survivors (4096K)
 Metaspace       used 35233K, capacity 36126K, committed 36224K, reserved 37168K
}
Event: 40.976 GC heap after
{Heap after GC invocations=132 (full 0):
 garbage-first heap   total 126976K, used 74886K [0x92c00000, 0xb2000000)
  region size 1024K, 4 young (4096K), 4 survivors (4096K)
 Metaspace       used 35233K, capacity 36126K, committed 36224K, reserved 37168K
}
Event: 41.121 GC heap before
{Heap before GC invocations=132 (full 0):
 garbage-first heap   total 126976K, used 105606K [0x92c00000, 0xb2000000)
  region size 1024K, 36 young (36864K), 4 survivors (4096K)
 Metaspace       used 35234K, capacity 36126K, committed 36224K, reserved 37168K
}
Event: 41.147 GC heap after
{Heap after GC invocations=133 (full 0):
 garbage-first heap   total 162816K, used 75753K [0x92c00000, 0xb2000000)
  region size 1024K, 4 young (4096K), 4 survivors (4096K)
 Metaspace       used 35234K, capacity 36126K, committed 36224K, reserved 37168K
}
Event: 44.990 GC heap before
{Heap before GC invocations=133 (full 0):
 garbage-first heap   total 162816K, used 117737K [0x92c00000, 0xb2000000)
  region size 1024K, 46 young (47104K), 4 survivors (4096K)
 Metaspace       used 35554K, capacity 36435K, committed 36480K, reserved 37168K
}
Event: 45.019 GC heap after
{Heap after GC invocations=134 (full 0):
 garbage-first heap   total 162816K, used 78502K [0x92c00000, 0xb2000000)
  region size 1024K, 6 young (6144K), 6 survivors (6144K)
 Metaspace       used 35554K, capacity 36435K, committed 36480K, reserved 37168K
}
Event: 47.657 GC heap before
{Heap before GC invocations=134 (full 0):
 garbage-first heap   total 162816K, used 134822K [0x92c00000, 0xb2000000)
  region size 1024K, 62 young (63488K), 6 survivors (6144K)
 Metaspace       used 36118K, capacity 36995K, committed 37120K, reserved 37168K
}
Event: 47.690 GC heap after
{Heap after GC invocations=135 (full 0):
 garbage-first heap   total 162816K, used 79245K [0x92c00000, 0xb2000000)
  region size 1024K, 1 young (1024K), 1 survivors (1024K)
 Metaspace       used 36118K, capacity 36995K, committed 37120K, reserved 37168K
}
Event: 49.967 GC heap before
{Heap before GC invocations=135 (full 0):
 garbage-first heap   total 162816K, used 134541K [0x92c00000, 0xb2000000)
  region size 1024K, 56 young (57344K), 1 survivors (1024K)
 Metaspace       used 36348K, capacity 37251K, committed 37376K, reserved 38192K
}
Event: 49.974 GC heap after
{Heap after GC invocations=136 (full 0):
 garbage-first heap   total 162816K, used 78668K [0x92c00000, 0xb2000000)
  region size 1024K, 1 young (1024K), 1 survivors (1024K)
 Metaspace       used 36348K, capacity 37251K, committed 37376K, reserved 38192K
}
Event: 51.942 GC heap before
{Heap before GC invocations=136 (full 0):
 garbage-first heap   total 162816K, used 134988K [0x92c00000, 0xb2000000)
  region size 1024K, 57 young (58368K), 1 survivors (1024K)
 Metaspace       used 37562K, capacity 38435K, committed 38528K, reserved 39216K
}
Event: 51.949 GC heap after
{Heap after GC invocations=137 (full 0):
 garbage-first heap   total 162816K, used 78672K [0x92c00000, 0xb2000000)
  region size 1024K, 1 young (1024K), 1 survivors (1024K)
 Metaspace       used 37562K, capacity 38435K, committed 38528K, reserved 39216K
}
Event: 81.633 GC heap before
{Heap before GC invocations=137 (full 0):
 garbage-first heap   total 162816K, used 136016K [0x92c00000, 0xb2000000)
  region size 1024K, 58 young (59392K), 1 survivors (1024K)
 Metaspace       used 38007K, capacity 38897K, committed 38912K, reserved 39216K
}
Event: 81.654 GC heap after
{Heap after GC invocations=138 (full 0):
 garbage-first heap   total 162816K, used 79089K [0x92c00000, 0xb2000000)
  region size 1024K, 1 young (1024K), 1 survivors (1024K)
 Metaspace       used 38007K, capacity 38897K, committed 38912K, reserved 39216K
}

