# JRE version: OpenJDK Runtime Environment (11.0.11+9) (build 11.0.11+9-post-Debian-1deb10u1)
# Java VM: OpenJDK Server VM (11.0.11+9-post-Debian-1deb10u1, mixed mode, g1 gc, linux-)
Heap:
 garbage-first heap   total 179200K, used 146510K [0x8cc00000, 0xac000000)
  region size 1024K, 31 young (31744K), 1 survivors (1024K)
 Metaspace       used 46565K, capacity 47848K, committed 47960K, reserved 48432K
GC Heap History (20 events):
Event: 91.328 GC heap before
{Heap before GC invocations=139 (full 0):
 garbage-first heap   total 179200K, used 149504K [0x8cc00000, 0xac000000)
  region size 1024K, 44 young (45056K), 6 survivors (6144K)
 Metaspace       used 45992K, capacity 47207K, committed 47320K, reserved 47408K
}
Event: 91.366 GC heap after
{Heap after GC invocations=140 (full 0):
 garbage-first heap   total 179200K, used 117979K [0x8cc00000, 0xac000000)
  region size 1024K, 6 young (6144K), 6 survivors (6144K)
 Metaspace       used 45992K, capacity 47207K, committed 47320K, reserved 47408K
}
Event: 137.303 GC heap before
{Heap before GC invocations=140 (full 0):
 garbage-first heap   total 179200K, used 146651K [0x8cc00000, 0xac000000)
  region size 1024K, 35 young (35840K), 6 survivors (6144K)
 Metaspace       used 46541K, capacity 47841K, committed 47960K, reserved 48432K
}
Event: 137.330 GC heap after
{Heap after GC invocations=141 (full 0):
 garbage-first heap   total 179200K, used 118286K [0x8cc00000, 0xac000000)
  region size 1024K, 3 young (3072K), 3 survivors (3072K)
 Metaspace       used 46541K, capacity 47841K, committed 47960K, reserved 48432K
}
Event: 622.277 GC heap before
{Heap before GC invocations=141 (full 0):
 garbage-first heap   total 179200K, used 147982K [0x8cc00000, 0xac000000)
  region size 1024K, 32 young (32768K), 3 survivors (3072K)
 Metaspace       used 46558K, capacity 47848K, committed 47960K, reserved 48432K
}
Event: 622.370 GC heap after
{Heap after GC invocations=142 (full 0):
 garbage-first heap   total 179200K, used 117052K [0x8cc00000, 0xac000000)
  region size 1024K, 1 young (1024K), 1 survivors (1024K)
 Metaspace       used 46558K, capacity 47848K, committed 47960K, reserved 48432K
}
Event: 1242.996 GC heap before
{Heap before GC invocations=142 (full 0):
 garbage-first heap   total 179200K, used 148796K [0x8cc00000, 0xac000000)
  region size 1024K, 32 young (32768K), 1 survivors (1024K)
 Metaspace       used 46560K, capacity 47848K, committed 47960K, reserved 48432K
}
Event: 1243.276 GC heap after
{Heap after GC invocations=143 (full 0):
 garbage-first heap   total 179200K, used 116870K [0x8cc00000, 0xac000000)
  region size 1024K, 1 young (1024K), 1 survivors (1024K)
 Metaspace       used 46560K, capacity 47848K, committed 47960K, reserved 48432K
}
Event: 1903.848 GC heap before
{Heap before GC invocations=143 (full 0):
 garbage-first heap   total 179200K, used 150662K [0x8cc00000, 0xac000000)
  region size 1024K, 34 young (34816K), 1 survivors (1024K)
 Metaspace       used 46565K, capacity 47848K, committed 47960K, reserved 48432K
}
Event: 1904.002 GC heap after
{Heap after GC invocations=144 (full 0):
 garbage-first heap   total 179200K, used 116817K [0x8cc00000, 0xac000000)
  region size 1024K, 1 young (1024K), 1 survivors (1024K)
 Metaspace       used 46565K, capacity 47848K, committed 47960K, reserved 48432K
}
Event: 2605.786 GC heap before
{Heap before GC invocations=144 (full 0):
 garbage-first heap   total 179200K, used 151633K [0x8cc00000, 0xac000000)
  region size 1024K, 35 young (35840K), 1 survivors (1024K)
 Metaspace       used 46565K, capacity 47848K, committed 47960K, reserved 48432K
}
Event: 2605.827 GC heap after
{Heap after GC invocations=145 (full 0):
 garbage-first heap   total 179200K, used 116819K [0x8cc00000, 0xac000000)
  region size 1024K, 1 young (1024K), 1 survivors (1024K)
 Metaspace       used 46565K, capacity 47848K, committed 47960K, reserved 48432K
}
Event: 3330.799 GC heap before
{Heap before GC invocations=145 (full 0):
 garbage-first heap   total 179200K, used 152659K [0x8cc00000, 0xac000000)
  region size 1024K, 36 young (36864K), 1 survivors (1024K)
 Metaspace       used 46565K, capacity 47848K, committed 47960K, reserved 48432K
}
Event: 3331.122 GC heap after
{Heap after GC invocations=146 (full 0):
 garbage-first heap   total 179200K, used 116814K [0x8cc00000, 0xac000000)
  region size 1024K, 1 young (1024K), 1 survivors (1024K)
 Metaspace       used 46565K, capacity 47848K, committed 47960K, reserved 48432K
}
Event: 3652.301 GC heap before
{Heap before GC invocations=146 (full 0):
 garbage-first heap   total 179200K, used 133198K [0x8cc00000, 0xac000000)
  region size 1024K, 17 young (17408K), 1 survivors (1024K)
 Metaspace       used 46565K, capacity 47848K, committed 47960K, reserved 48432K
}
Event: 3652.342 GC heap after
{Heap after GC invocations=147 (full 0):
 garbage-first heap   total 179200K, used 116816K [0x8cc00000, 0xac000000)
  region size 1024K, 1 young (1024K), 1 survivors (1024K)
 Metaspace       used 46565K, capacity 47848K, committed 47960K, reserved 48432K
}
Event: 4140.975 GC heap before
{Heap before GC invocations=147 (full 0):
 garbage-first heap   total 179200K, used 142416K [0x8cc00000, 0xac000000)
  region size 1024K, 26 young (26624K), 1 survivors (1024K)
 Metaspace       used 46565K, capacity 47848K, committed 47960K, reserved 48432K
}
Event: 4141.020 GC heap after
{Heap after GC invocations=148 (full 0):
 garbage-first heap   total 179200K, used 116814K [0x8cc00000, 0xac000000)
  region size 1024K, 1 young (1024K), 1 survivors (1024K)
 Metaspace       used 46565K, capacity 47848K, committed 47960K, reserved 48432K
}
Event: 4717.625 GC heap before
{Heap before GC invocations=148 (full 0):
 garbage-first heap   total 179200K, used 148558K [0x8cc00000, 0xac000000)
  region size 1024K, 32 young (32768K), 1 survivors (1024K)
 Metaspace       used 46565K, capacity 47848K, committed 47960K, reserved 48432K
}
Event: 4717.798 GC heap after
{Heap after GC invocations=149 (full 0):
 garbage-first heap   total 179200K, used 116814K [0x8cc00000, 0xac000000)
  region size 1024K, 1 young (1024K), 1 survivors (1024K)
 Metaspace       used 46565K, capacity 47848K, committed 47960K, reserved 48432K
}

